2014-06-12 23:58:23 Error: [MissingPluginException] Plugin DebugKit could not be found.
Exception Attributes: array (
  'plugin' => 'DebugKit',
)
Stack Trace:
#0 /home/fyquah/dev/php/proj3/app/Config/bootstrap.php(110): CakePlugin::load('DebugKit')
#1 /home/fyquah/dev/php/proj3/lib/Cake/Core/Configure.php(92): include('/home/fyquah/de...')
#2 /home/fyquah/dev/php/proj3/lib/Cake/bootstrap.php(175): Configure::bootstrap(true)
#3 /home/fyquah/dev/php/proj3/app/webroot/index.php(90): include('/home/fyquah/de...')
#4 {main}
2014-06-13 08:44:29 Error: [MissingViewException] View file "/home/fyquah/dev/php/proj3/app/View/Messages/index.ctp" is missing.
Exception Attributes: array (
  'file' => '/home/fyquah/dev/php/proj3/app/View/Messages/index.ctp',
)
Request URL: /messages
Stack Trace:
#0 /home/fyquah/dev/php/proj3/lib/Cake/View/View.php(468): View->_getViewFileName(NULL)
#1 /home/fyquah/dev/php/proj3/lib/Cake/Controller/Controller.php(954): View->render(NULL, NULL)
#2 /home/fyquah/dev/php/proj3/lib/Cake/Routing/Dispatcher.php(198): Controller->render()
#3 /home/fyquah/dev/php/proj3/lib/Cake/Routing/Dispatcher.php(165): Dispatcher->_invoke(Object(MessagesController), Object(CakeRequest))
#4 /home/fyquah/dev/php/proj3/app/webroot/index.php(108): Dispatcher->dispatch(Object(CakeRequest), Object(CakeResponse))
#5 {main}
2014-06-13 08:58:09 Error: Fatal Error (4): syntax error, unexpected end of file, expecting ',' or ';' in [/home/fyquah/dev/php/proj3/app/View/Messages/index.ctp, line 3]
2014-06-13 08:58:09 Error: [FatalErrorException] syntax error, unexpected end of file, expecting ',' or ';'
Request URL: /messages
Stack Trace:
#0 /home/fyquah/dev/php/proj3/lib/Cake/Error/ErrorHandler.php(203): ErrorHandler::handleFatalError(4, 'syntax error, u...', '/home/fyquah/de...', 3)
#1 [internal function]: ErrorHandler::handleError(4, 'syntax error, u...', '/home/fyquah/de...', 3, Array)
#2 /home/fyquah/dev/php/proj3/lib/Cake/Core/App.php(929): call_user_func('ErrorHandler::h...', 4, 'syntax error, u...', '/home/fyquah/de...', 3, Array)
#3 /home/fyquah/dev/php/proj3/lib/Cake/Core/App.php(902): App::_checkFatalError()
#4 [internal function]: App::shutdown()
#5 {main}
2014-06-13 09:02:16 Error: [MissingTableException] Table messages for model Message was not found in datasource default.
Exception Attributes: array (
  'table' => 'messages',
  'class' => 'Message',
  'ds' => 'default',
)
Request URL: /messages
Stack Trace:
#0 /home/fyquah/dev/php/proj3/lib/Cake/Model/Model.php(3501): Model->setSource('messages')
#1 /home/fyquah/dev/php/proj3/lib/Cake/Model/Model.php(1357): Model->getDataSource()
#2 /home/fyquah/dev/php/proj3/lib/Cake/View/Helper/FormHelper.php(215): Model->schema()
#3 /home/fyquah/dev/php/proj3/lib/Cake/View/Helper/FormHelper.php(467): FormHelper->_introspectModel('Message', 'fields')
#4 /home/fyquah/dev/php/proj3/app/View/Messages/index.ctp(4): FormHelper->create('')
#5 /home/fyquah/dev/php/proj3/lib/Cake/View/View.php(948): include('/home/fyquah/de...')
#6 /home/fyquah/dev/php/proj3/lib/Cake/View/View.php(910): View->_evaluate('/home/fyquah/de...', Array)
#7 /home/fyquah/dev/php/proj3/lib/Cake/View/View.php(471): View->_render('/home/fyquah/de...')
#8 /home/fyquah/dev/php/proj3/lib/Cake/Controller/Controller.php(954): View->render(NULL, NULL)
#9 /home/fyquah/dev/php/proj3/lib/Cake/Routing/Dispatcher.php(198): Controller->render()
#10 /home/fyquah/dev/php/proj3/lib/Cake/Routing/Dispatcher.php(165): Dispatcher->_invoke(Object(MessagesController), Object(CakeRequest))
#11 /home/fyquah/dev/php/proj3/app/webroot/index.php(108): Dispatcher->dispatch(Object(CakeRequest), Object(CakeResponse))
#12 {main}
2014-06-13 09:14:58 Error: [PDOException] SQLSTATE[42S02]: Base table or view not found: 1146 Table 'proj3.markers' doesn't exist
Request URL: /messages
Stack Trace:
#0 /home/fyquah/dev/php/proj3/lib/Cake/Model/Datasource/DboSource.php(458): PDOStatement->execute(Array)
#1 /home/fyquah/dev/php/proj3/lib/Cake/Model/Datasource/DboSource.php(424): DboSource->_execute('SELECT id, ( 63...', Array)
#2 /home/fyquah/dev/php/proj3/lib/Cake/Model/Datasource/DboSource.php(666): DboSource->execute('SELECT id, ( 63...', Array, Array)
#3 /home/fyquah/dev/php/proj3/lib/Cake/Model/Datasource/DboSource.php(537): DboSource->fetchAll('SELECT id, ( 63...')
#4 [internal function]: DboSource->query('SELECT id, ( 63...')
#5 /home/fyquah/dev/php/proj3/lib/Cake/Model/Model.php(3309): call_user_func_array(Array, Array)
#6 /home/fyquah/dev/php/proj3/app/Controller/MessagesController.php(20): Model->query('SELECT id, ( 63...')
#7 [internal function]: MessagesController->index()
#8 /home/fyquah/dev/php/proj3/lib/Cake/Controller/Controller.php(490): ReflectionMethod->invokeArgs(Object(MessagesController), Array)
#9 /home/fyquah/dev/php/proj3/lib/Cake/Routing/Dispatcher.php(191): Controller->invokeAction(Object(CakeRequest))
#10 /home/fyquah/dev/php/proj3/lib/Cake/Routing/Dispatcher.php(165): Dispatcher->_invoke(Object(MessagesController), Object(CakeRequest))
#11 /home/fyquah/dev/php/proj3/app/webroot/index.php(108): Dispatcher->dispatch(Object(CakeRequest), Object(CakeResponse))
#12 {main}
2014-06-13 09:15:15 Error: [PDOException] SQLSTATE[42S22]: Column not found: 1054 Unknown column 'radius' in 'having clause'
Request URL: /messages
Stack Trace:
#0 /home/fyquah/dev/php/proj3/lib/Cake/Model/Datasource/DboSource.php(458): PDOStatement->execute(Array)
#1 /home/fyquah/dev/php/proj3/lib/Cake/Model/Datasource/DboSource.php(424): DboSource->_execute('SELECT id, ( 63...', Array)
#2 /home/fyquah/dev/php/proj3/lib/Cake/Model/Datasource/DboSource.php(666): DboSource->execute('SELECT id, ( 63...', Array, Array)
#3 /home/fyquah/dev/php/proj3/lib/Cake/Model/Datasource/DboSource.php(537): DboSource->fetchAll('SELECT id, ( 63...')
#4 [internal function]: DboSource->query('SELECT id, ( 63...')
#5 /home/fyquah/dev/php/proj3/lib/Cake/Model/Model.php(3309): call_user_func_array(Array, Array)
#6 /home/fyquah/dev/php/proj3/app/Controller/MessagesController.php(20): Model->query('SELECT id, ( 63...')
#7 [internal function]: MessagesController->index()
#8 /home/fyquah/dev/php/proj3/lib/Cake/Controller/Controller.php(490): ReflectionMethod->invokeArgs(Object(MessagesController), Array)
#9 /home/fyquah/dev/php/proj3/lib/Cake/Routing/Dispatcher.php(191): Controller->invokeAction(Object(CakeRequest))
#10 /home/fyquah/dev/php/proj3/lib/Cake/Routing/Dispatcher.php(165): Dispatcher->_invoke(Object(MessagesController), Object(CakeRequest))
#11 /home/fyquah/dev/php/proj3/app/webroot/index.php(108): Dispatcher->dispatch(Object(CakeRequest), Object(CakeResponse))
#12 {main}
2014-06-13 09:16:14 Error: [PDOException] SQLSTATE[42S22]: Column not found: 1054 Unknown column 'distance' in 'where clause'
Request URL: /messages
Stack Trace:
#0 /home/fyquah/dev/php/proj3/lib/Cake/Model/Datasource/DboSource.php(458): PDOStatement->execute(Array)
#1 /home/fyquah/dev/php/proj3/lib/Cake/Model/Datasource/DboSource.php(424): DboSource->_execute('SELECT id, ( 63...', Array)
#2 /home/fyquah/dev/php/proj3/lib/Cake/Model/Datasource/DboSource.php(666): DboSource->execute('SELECT id, ( 63...', Array, Array)
#3 /home/fyquah/dev/php/proj3/lib/Cake/Model/Datasource/DboSource.php(537): DboSource->fetchAll('SELECT id, ( 63...')
#4 [internal function]: DboSource->query('SELECT id, ( 63...')
#5 /home/fyquah/dev/php/proj3/lib/Cake/Model/Model.php(3309): call_user_func_array(Array, Array)
#6 /home/fyquah/dev/php/proj3/app/Controller/MessagesController.php(20): Model->query('SELECT id, ( 63...')
#7 [internal function]: MessagesController->index()
#8 /home/fyquah/dev/php/proj3/lib/Cake/Controller/Controller.php(490): ReflectionMethod->invokeArgs(Object(MessagesController), Array)
#9 /home/fyquah/dev/php/proj3/lib/Cake/Routing/Dispatcher.php(191): Controller->invokeAction(Object(CakeRequest))
#10 /home/fyquah/dev/php/proj3/lib/Cake/Routing/Dispatcher.php(165): Dispatcher->_invoke(Object(MessagesController), Object(CakeRequest))
#11 /home/fyquah/dev/php/proj3/app/webroot/index.php(108): Dispatcher->dispatch(Object(CakeRequest), Object(CakeResponse))
#12 {main}
2014-06-13 09:16:29 Error: [PDOException] SQLSTATE[42S22]: Column not found: 1054 Unknown column 'distance' in 'where clause'
Request URL: /messages
Stack Trace:
#0 /home/fyquah/dev/php/proj3/lib/Cake/Model/Datasource/DboSource.php(458): PDOStatement->execute(Array)
#1 /home/fyquah/dev/php/proj3/lib/Cake/Model/Datasource/DboSource.php(424): DboSource->_execute('SELECT id, ( 63...', Array)
#2 /home/fyquah/dev/php/proj3/lib/Cake/Model/Datasource/DboSource.php(666): DboSource->execute('SELECT id, ( 63...', Array, Array)
#3 /home/fyquah/dev/php/proj3/lib/Cake/Model/Datasource/DboSource.php(537): DboSource->fetchAll('SELECT id, ( 63...')
#4 [internal function]: DboSource->query('SELECT id, ( 63...')
#5 /home/fyquah/dev/php/proj3/lib/Cake/Model/Model.php(3309): call_user_func_array(Array, Array)
#6 /home/fyquah/dev/php/proj3/app/Controller/MessagesController.php(20): Model->query('SELECT id, ( 63...')
#7 [internal function]: MessagesController->index()
#8 /home/fyquah/dev/php/proj3/lib/Cake/Controller/Controller.php(490): ReflectionMethod->invokeArgs(Object(MessagesController), Array)
#9 /home/fyquah/dev/php/proj3/lib/Cake/Routing/Dispatcher.php(191): Controller->invokeAction(Object(CakeRequest))
#10 /home/fyquah/dev/php/proj3/lib/Cake/Routing/Dispatcher.php(165): Dispatcher->_invoke(Object(MessagesController), Object(CakeRequest))
#11 /home/fyquah/dev/php/proj3/app/webroot/index.php(108): Dispatcher->dispatch(Object(CakeRequest), Object(CakeResponse))
#12 {main}
2014-06-13 09:18:58 Error: [PDOException] SQLSTATE[42S22]: Column not found: 1054 Unknown column 'distance' in 'where clause'
Request URL: /messages
Stack Trace:
#0 /home/fyquah/dev/php/proj3/lib/Cake/Model/Datasource/DboSource.php(458): PDOStatement->execute(Array)
#1 /home/fyquah/dev/php/proj3/lib/Cake/Model/Datasource/DboSource.php(424): DboSource->_execute('SELECT id, ( 63...', Array)
#2 /home/fyquah/dev/php/proj3/lib/Cake/Model/Datasource/DboSource.php(666): DboSource->execute('SELECT id, ( 63...', Array, Array)
#3 /home/fyquah/dev/php/proj3/lib/Cake/Model/Datasource/DboSource.php(537): DboSource->fetchAll('SELECT id, ( 63...')
#4 [internal function]: DboSource->query('SELECT id, ( 63...')
#5 /home/fyquah/dev/php/proj3/lib/Cake/Model/Model.php(3309): call_user_func_array(Array, Array)
#6 /home/fyquah/dev/php/proj3/app/Controller/MessagesController.php(20): Model->query('SELECT id, ( 63...')
#7 [internal function]: MessagesController->index()
#8 /home/fyquah/dev/php/proj3/lib/Cake/Controller/Controller.php(490): ReflectionMethod->invokeArgs(Object(MessagesController), Array)
#9 /home/fyquah/dev/php/proj3/lib/Cake/Routing/Dispatcher.php(191): Controller->invokeAction(Object(CakeRequest))
#10 /home/fyquah/dev/php/proj3/lib/Cake/Routing/Dispatcher.php(165): Dispatcher->_invoke(Object(MessagesController), Object(CakeRequest))
#11 /home/fyquah/dev/php/proj3/app/webroot/index.php(108): Dispatcher->dispatch(Object(CakeRequest), Object(CakeResponse))
#12 {main}
2014-06-13 09:19:46 Error: [PDOException] SQLSTATE[42S22]: Column not found: 1054 Unknown column 'radius' in 'having clause'
Request URL: /messages
Stack Trace:
#0 /home/fyquah/dev/php/proj3/lib/Cake/Model/Datasource/DboSource.php(458): PDOStatement->execute(Array)
#1 /home/fyquah/dev/php/proj3/lib/Cake/Model/Datasource/DboSource.php(424): DboSource->_execute('SELECT id, ( 63...', Array)
#2 /home/fyquah/dev/php/proj3/lib/Cake/Model/Datasource/DboSource.php(666): DboSource->execute('SELECT id, ( 63...', Array, Array)
#3 /home/fyquah/dev/php/proj3/lib/Cake/Model/Datasource/DboSource.php(537): DboSource->fetchAll('SELECT id, ( 63...')
#4 [internal function]: DboSource->query('SELECT id, ( 63...')
#5 /home/fyquah/dev/php/proj3/lib/Cake/Model/Model.php(3309): call_user_func_array(Array, Array)
#6 /home/fyquah/dev/php/proj3/app/Controller/MessagesController.php(20): Model->query('SELECT id, ( 63...')
#7 [internal function]: MessagesController->index()
#8 /home/fyquah/dev/php/proj3/lib/Cake/Controller/Controller.php(490): ReflectionMethod->invokeArgs(Object(MessagesController), Array)
#9 /home/fyquah/dev/php/proj3/lib/Cake/Routing/Dispatcher.php(191): Controller->invokeAction(Object(CakeRequest))
#10 /home/fyquah/dev/php/proj3/lib/Cake/Routing/Dispatcher.php(165): Dispatcher->_invoke(Object(MessagesController), Object(CakeRequest))
#11 /home/fyquah/dev/php/proj3/app/webroot/index.php(108): Dispatcher->dispatch(Object(CakeRequest), Object(CakeResponse))
#12 {main}
2014-06-13 09:20:27 Error: [PDOException] SQLSTATE[42S22]: Column not found: 1054 Unknown column 'radius' in 'having clause'
Request URL: /messages
Stack Trace:
#0 /home/fyquah/dev/php/proj3/lib/Cake/Model/Datasource/DboSource.php(458): PDOStatement->execute(Array)
#1 /home/fyquah/dev/php/proj3/lib/Cake/Model/Datasource/DboSource.php(424): DboSource->_execute('SELECT id, ( 63...', Array)
#2 /home/fyquah/dev/php/proj3/lib/Cake/Model/Datasource/DboSource.php(666): DboSource->execute('SELECT id, ( 63...', Array, Array)
#3 /home/fyquah/dev/php/proj3/lib/Cake/Model/Datasource/DboSource.php(537): DboSource->fetchAll('SELECT id, ( 63...')
#4 [internal function]: DboSource->query('SELECT id, ( 63...')
#5 /home/fyquah/dev/php/proj3/lib/Cake/Model/Model.php(3309): call_user_func_array(Array, Array)
#6 /home/fyquah/dev/php/proj3/app/Controller/MessagesController.php(20): Model->query('SELECT id, ( 63...')
#7 [internal function]: MessagesController->index()
#8 /home/fyquah/dev/php/proj3/lib/Cake/Controller/Controller.php(490): ReflectionMethod->invokeArgs(Object(MessagesController), Array)
#9 /home/fyquah/dev/php/proj3/lib/Cake/Routing/Dispatcher.php(191): Controller->invokeAction(Object(CakeRequest))
#10 /home/fyquah/dev/php/proj3/lib/Cake/Routing/Dispatcher.php(165): Dispatcher->_invoke(Object(MessagesController), Object(CakeRequest))
#11 /home/fyquah/dev/php/proj3/app/webroot/index.php(108): Dispatcher->dispatch(Object(CakeRequest), Object(CakeResponse))
#12 {main}
2014-06-13 09:20:51 Error: [PDOException] SQLSTATE[42S22]: Column not found: 1054 Unknown column 'distance' in 'where clause'
Request URL: /messages
Stack Trace:
#0 /home/fyquah/dev/php/proj3/lib/Cake/Model/Datasource/DboSource.php(458): PDOStatement->execute(Array)
#1 /home/fyquah/dev/php/proj3/lib/Cake/Model/Datasource/DboSource.php(424): DboSource->_execute('SELECT id, ( 63...', Array)
#2 /home/fyquah/dev/php/proj3/lib/Cake/Model/Datasource/DboSource.php(666): DboSource->execute('SELECT id, ( 63...', Array, Array)
#3 /home/fyquah/dev/php/proj3/lib/Cake/Model/Datasource/DboSource.php(537): DboSource->fetchAll('SELECT id, ( 63...')
#4 [internal function]: DboSource->query('SELECT id, ( 63...')
#5 /home/fyquah/dev/php/proj3/lib/Cake/Model/Model.php(3309): call_user_func_array(Array, Array)
#6 /home/fyquah/dev/php/proj3/app/Controller/MessagesController.php(20): Model->query('SELECT id, ( 63...')
#7 [internal function]: MessagesController->index()
#8 /home/fyquah/dev/php/proj3/lib/Cake/Controller/Controller.php(490): ReflectionMethod->invokeArgs(Object(MessagesController), Array)
#9 /home/fyquah/dev/php/proj3/lib/Cake/Routing/Dispatcher.php(191): Controller->invokeAction(Object(CakeRequest))
#10 /home/fyquah/dev/php/proj3/lib/Cake/Routing/Dispatcher.php(165): Dispatcher->_invoke(Object(MessagesController), Object(CakeRequest))
#11 /home/fyquah/dev/php/proj3/app/webroot/index.php(108): Dispatcher->dispatch(Object(CakeRequest), Object(CakeResponse))
#12 {main}
2014-06-13 09:26:06 Error: [PDOException] SQLSTATE[42S22]: Column not found: 1054 Unknown column 'distance' in 'where clause'
Request URL: /messages
Stack Trace:
#0 /home/fyquah/dev/php/proj3/lib/Cake/Model/Datasource/DboSource.php(458): PDOStatement->execute(Array)
#1 /home/fyquah/dev/php/proj3/lib/Cake/Model/Datasource/DboSource.php(424): DboSource->_execute('SELECT id, ( 63...', Array)
#2 /home/fyquah/dev/php/proj3/lib/Cake/Model/Datasource/DboSource.php(666): DboSource->execute('SELECT id, ( 63...', Array, Array)
#3 /home/fyquah/dev/php/proj3/lib/Cake/Model/Datasource/DboSource.php(537): DboSource->fetchAll('SELECT id, ( 63...')
#4 [internal function]: DboSource->query('SELECT id, ( 63...')
#5 /home/fyquah/dev/php/proj3/lib/Cake/Model/Model.php(3309): call_user_func_array(Array, Array)
#6 /home/fyquah/dev/php/proj3/app/Controller/MessagesController.php(20): Model->query('SELECT id, ( 63...')
#7 [internal function]: MessagesController->index()
#8 /home/fyquah/dev/php/proj3/lib/Cake/Controller/Controller.php(490): ReflectionMethod->invokeArgs(Object(MessagesController), Array)
#9 /home/fyquah/dev/php/proj3/lib/Cake/Routing/Dispatcher.php(191): Controller->invokeAction(Object(CakeRequest))
#10 /home/fyquah/dev/php/proj3/lib/Cake/Routing/Dispatcher.php(165): Dispatcher->_invoke(Object(MessagesController), Object(CakeRequest))
#11 /home/fyquah/dev/php/proj3/app/webroot/index.php(108): Dispatcher->dispatch(Object(CakeRequest), Object(CakeResponse))
#12 {main}
2014-06-13 09:38:23 Error: [PDOException] SQLSTATE[42S02]: Base table or view not found: 1146 Table 'proj3.markers' doesn't exist
Request URL: /messages
Stack Trace:
#0 /home/fyquah/dev/php/proj3/lib/Cake/Model/Datasource/DboSource.php(458): PDOStatement->execute(Array)
#1 /home/fyquah/dev/php/proj3/lib/Cake/Model/Datasource/DboSource.php(424): DboSource->_execute('SELECT * FROM (...', Array)
#2 /home/fyquah/dev/php/proj3/lib/Cake/Model/Datasource/DboSource.php(666): DboSource->execute('SELECT * FROM (...', Array, Array)
#3 /home/fyquah/dev/php/proj3/lib/Cake/Model/Datasource/DboSource.php(537): DboSource->fetchAll('SELECT * FROM (...')
#4 [internal function]: DboSource->query('SELECT * FROM (...')
#5 /home/fyquah/dev/php/proj3/lib/Cake/Model/Model.php(3309): call_user_func_array(Array, Array)
#6 /home/fyquah/dev/php/proj3/app/Controller/MessagesController.php(20): Model->query('SELECT * FROM (...')
#7 [internal function]: MessagesController->index()
#8 /home/fyquah/dev/php/proj3/lib/Cake/Controller/Controller.php(490): ReflectionMethod->invokeArgs(Object(MessagesController), Array)
#9 /home/fyquah/dev/php/proj3/lib/Cake/Routing/Dispatcher.php(191): Controller->invokeAction(Object(CakeRequest))
#10 /home/fyquah/dev/php/proj3/lib/Cake/Routing/Dispatcher.php(165): Dispatcher->_invoke(Object(MessagesController), Object(CakeRequest))
#11 /home/fyquah/dev/php/proj3/app/webroot/index.php(108): Dispatcher->dispatch(Object(CakeRequest), Object(CakeResponse))
#12 {main}
2014-06-13 09:47:19 Error: Fatal Error (1): Call to a member function setFlash() on a non-object in [/home/fyquah/dev/php/proj3/app/Controller/MessagesController.php, line 42]
2014-06-13 09:47:19 Error: [FatalErrorException] Call to a member function setFlash() on a non-object
Request URL: /messages/submit
Stack Trace:
#0 /home/fyquah/dev/php/proj3/lib/Cake/Error/ErrorHandler.php(203): ErrorHandler::handleFatalError(1, 'Call to a membe...', '/home/fyquah/de...', 42)
#1 [internal function]: ErrorHandler::handleError(1, 'Call to a membe...', '/home/fyquah/de...', 42, Array)
#2 /home/fyquah/dev/php/proj3/lib/Cake/Core/App.php(929): call_user_func('ErrorHandler::h...', 1, 'Call to a membe...', '/home/fyquah/de...', 42, Array)
#3 /home/fyquah/dev/php/proj3/lib/Cake/Core/App.php(902): App::_checkFatalError()
#4 [internal function]: App::shutdown()
#5 {main}
2014-06-13 09:51:57 Error: Fatal Error (1): Call to a member function fetch_assoc() on a non-object in [/home/fyquah/dev/php/proj3/app/Controller/MessagesController.php, line 25]
2014-06-13 09:51:57 Error: [FatalErrorException] Call to a member function fetch_assoc() on a non-object
Request URL: /messages
Stack Trace:
#0 /home/fyquah/dev/php/proj3/lib/Cake/Error/ErrorHandler.php(203): ErrorHandler::handleFatalError(1, 'Call to a membe...', '/home/fyquah/de...', 25)
#1 [internal function]: ErrorHandler::handleError(1, 'Call to a membe...', '/home/fyquah/de...', 25, Array)
#2 /home/fyquah/dev/php/proj3/lib/Cake/Core/App.php(929): call_user_func('ErrorHandler::h...', 1, 'Call to a membe...', '/home/fyquah/de...', 25, Array)
#3 /home/fyquah/dev/php/proj3/lib/Cake/Core/App.php(902): App::_checkFatalError()
#4 [internal function]: App::shutdown()
#5 {main}
2014-06-13 10:16:33 Error: Fatal Error (4): syntax error, unexpected 'as' (T_AS), expecting ';' in [/home/fyquah/dev/php/proj3/app/Controller/MessagesController.php, line 27]
2014-06-13 10:16:33 Error: [FatalErrorException] syntax error, unexpected 'as' (T_AS), expecting ';'
Request URL: /messages
Stack Trace:
#0 /home/fyquah/dev/php/proj3/lib/Cake/Error/ErrorHandler.php(203): ErrorHandler::handleFatalError(4, 'syntax error, u...', '/home/fyquah/de...', 27)
#1 [internal function]: ErrorHandler::handleError(4, 'syntax error, u...', '/home/fyquah/de...', 27, Array)
#2 /home/fyquah/dev/php/proj3/lib/Cake/Core/App.php(929): call_user_func('ErrorHandler::h...', 4, 'syntax error, u...', '/home/fyquah/de...', 27, Array)
#3 /home/fyquah/dev/php/proj3/lib/Cake/Core/App.php(902): App::_checkFatalError()
#4 [internal function]: App::shutdown()
#5 {main}
2014-06-13 10:16:49 Error: Fatal Error (4): syntax error, unexpected 'as' (T_AS), expecting ';' in [/home/fyquah/dev/php/proj3/app/Controller/MessagesController.php, line 27]
2014-06-13 10:16:49 Error: [FatalErrorException] syntax error, unexpected 'as' (T_AS), expecting ';'
Request URL: /messages
Stack Trace:
#0 /home/fyquah/dev/php/proj3/lib/Cake/Error/ErrorHandler.php(203): ErrorHandler::handleFatalError(4, 'syntax error, u...', '/home/fyquah/de...', 27)
#1 [internal function]: ErrorHandler::handleError(4, 'syntax error, u...', '/home/fyquah/de...', 27, Array)
#2 /home/fyquah/dev/php/proj3/lib/Cake/Core/App.php(929): call_user_func('ErrorHandler::h...', 4, 'syntax error, u...', '/home/fyquah/de...', 27, Array)
#3 /home/fyquah/dev/php/proj3/lib/Cake/Core/App.php(902): App::_checkFatalError()
#4 [internal function]: App::shutdown()
#5 {main}
2014-06-13 14:13:41 Error: [MissingViewException] View file "/home/fyquah/dev/php/proj3/app/View/Messages/retrieve.ctp" is missing.
Exception Attributes: array (
  'file' => '/home/fyquah/dev/php/proj3/app/View/Messages/retrieve.ctp',
)
Request URL: /messages/retrieve
Stack Trace:
#0 /home/fyquah/dev/php/proj3/lib/Cake/View/View.php(468): View->_getViewFileName(NULL)
#1 /home/fyquah/dev/php/proj3/lib/Cake/Controller/Controller.php(954): View->render(NULL, NULL)
#2 /home/fyquah/dev/php/proj3/lib/Cake/Routing/Dispatcher.php(198): Controller->render()
#3 /home/fyquah/dev/php/proj3/lib/Cake/Routing/Dispatcher.php(165): Dispatcher->_invoke(Object(MessagesController), Object(CakeRequest))
#4 /home/fyquah/dev/php/proj3/app/webroot/index.php(108): Dispatcher->dispatch(Object(CakeRequest), Object(CakeResponse))
#5 {main}
2014-06-13 14:13:50 Error: [MissingViewException] View file "/home/fyquah/dev/php/proj3/app/View/Messages/retrieve.ctp" is missing.
Exception Attributes: array (
  'file' => '/home/fyquah/dev/php/proj3/app/View/Messages/retrieve.ctp',
)
Request URL: /messages/retrieve
Stack Trace:
#0 /home/fyquah/dev/php/proj3/lib/Cake/View/View.php(468): View->_getViewFileName(NULL)
#1 /home/fyquah/dev/php/proj3/lib/Cake/Controller/Controller.php(954): View->render(NULL, NULL)
#2 /home/fyquah/dev/php/proj3/lib/Cake/Routing/Dispatcher.php(198): Controller->render()
#3 /home/fyquah/dev/php/proj3/lib/Cake/Routing/Dispatcher.php(165): Dispatcher->_invoke(Object(MessagesController), Object(CakeRequest))
#4 /home/fyquah/dev/php/proj3/app/webroot/index.php(108): Dispatcher->dispatch(Object(CakeRequest), Object(CakeResponse))
#5 {main}
2014-06-13 14:13:59 Error: [MissingViewException] View file "/home/fyquah/dev/php/proj3/app/View/Messages/retrieve.ctp" is missing.
Exception Attributes: array (
  'file' => '/home/fyquah/dev/php/proj3/app/View/Messages/retrieve.ctp',
)
Request URL: /messages/retrieve
Stack Trace:
#0 /home/fyquah/dev/php/proj3/lib/Cake/View/View.php(468): View->_getViewFileName(NULL)
#1 /home/fyquah/dev/php/proj3/lib/Cake/Controller/Controller.php(954): View->render(NULL, NULL)
#2 /home/fyquah/dev/php/proj3/lib/Cake/Routing/Dispatcher.php(198): Controller->render()
#3 /home/fyquah/dev/php/proj3/lib/Cake/Routing/Dispatcher.php(165): Dispatcher->_invoke(Object(MessagesController), Object(CakeRequest))
#4 /home/fyquah/dev/php/proj3/app/webroot/index.php(108): Dispatcher->dispatch(Object(CakeRequest), Object(CakeResponse))
#5 {main}
2014-06-13 14:14:03 Error: [MissingControllerException] Controller class MessageController could not be found.
Exception Attributes: array (
  'class' => 'MessageController',
  'plugin' => NULL,
)
Request URL: /Message/retrieve
Stack Trace:
#0 /home/fyquah/dev/php/proj3/app/webroot/index.php(108): Dispatcher->dispatch(Object(CakeRequest), Object(CakeResponse))
#1 {main}
2014-06-13 14:14:16 Error: [MissingControllerException] Controller class MessageController could not be found.
Exception Attributes: array (
  'class' => 'MessageController',
  'plugin' => NULL,
)
Request URL: /Message/retrieve
Stack Trace:
#0 /home/fyquah/dev/php/proj3/app/webroot/index.php(108): Dispatcher->dispatch(Object(CakeRequest), Object(CakeResponse))
#1 {main}
2014-06-13 14:14:19 Error: [MissingViewException] View file "/home/fyquah/dev/php/proj3/app/View/Messages/retrieve.ctp" is missing.
Exception Attributes: array (
  'file' => '/home/fyquah/dev/php/proj3/app/View/Messages/retrieve.ctp',
)
Request URL: /messages/retrieve
Stack Trace:
#0 /home/fyquah/dev/php/proj3/lib/Cake/View/View.php(468): View->_getViewFileName(NULL)
#1 /home/fyquah/dev/php/proj3/lib/Cake/Controller/Controller.php(954): View->render(NULL, NULL)
#2 /home/fyquah/dev/php/proj3/lib/Cake/Routing/Dispatcher.php(198): Controller->render()
#3 /home/fyquah/dev/php/proj3/lib/Cake/Routing/Dispatcher.php(165): Dispatcher->_invoke(Object(MessagesController), Object(CakeRequest))
#4 /home/fyquah/dev/php/proj3/app/webroot/index.php(108): Dispatcher->dispatch(Object(CakeRequest), Object(CakeResponse))
#5 {main}
2014-06-13 14:14:47 Error: [MissingViewException] View file "/home/fyquah/dev/php/proj3/app/View/Messages/retrieve.ctp" is missing.
Exception Attributes: array (
  'file' => '/home/fyquah/dev/php/proj3/app/View/Messages/retrieve.ctp',
)
Request URL: /messages/retrieve
Stack Trace:
#0 /home/fyquah/dev/php/proj3/lib/Cake/View/View.php(468): View->_getViewFileName(NULL)
#1 /home/fyquah/dev/php/proj3/lib/Cake/Controller/Controller.php(954): View->render(NULL, NULL)
#2 /home/fyquah/dev/php/proj3/lib/Cake/Routing/Dispatcher.php(198): Controller->render()
#3 /home/fyquah/dev/php/proj3/lib/Cake/Routing/Dispatcher.php(165): Dispatcher->_invoke(Object(MessagesController), Object(CakeRequest))
#4 /home/fyquah/dev/php/proj3/app/webroot/index.php(108): Dispatcher->dispatch(Object(CakeRequest), Object(CakeResponse))
#5 {main}
2014-06-13 14:23:10 Error: Fatal Error (4): syntax error, unexpected '$hasMany' (T_VARIABLE), expecting function (T_FUNCTION) in [/home/fyquah/dev/php/proj3/app/Model/Message.php, line 3]
2014-06-13 14:23:10 Error: [FatalErrorException] syntax error, unexpected '$hasMany' (T_VARIABLE), expecting function (T_FUNCTION)
Request URL: /messages/retrieve
Stack Trace:
#0 /home/fyquah/dev/php/proj3/lib/Cake/Error/ErrorHandler.php(203): ErrorHandler::handleFatalError(4, 'syntax error, u...', '/home/fyquah/de...', 3)
#1 [internal function]: ErrorHandler::handleError(4, 'syntax error, u...', '/home/fyquah/de...', 3, Array)
#2 /home/fyquah/dev/php/proj3/lib/Cake/Core/App.php(929): call_user_func('ErrorHandler::h...', 4, 'syntax error, u...', '/home/fyquah/de...', 3, Array)
#3 /home/fyquah/dev/php/proj3/lib/Cake/Core/App.php(902): App::_checkFatalError()
#4 [internal function]: App::shutdown()
#5 {main}
2014-06-13 14:58:04 Error: [MissingActionException] Action MessagesController::2() could not be found.
Exception Attributes: array (
  'controller' => 'MessagesController',
  'action' => '2',
)
Request URL: /messages/2
Stack Trace:
#0 /home/fyquah/dev/php/proj3/lib/Cake/Routing/Dispatcher.php(191): Controller->invokeAction(Object(CakeRequest))
#1 /home/fyquah/dev/php/proj3/lib/Cake/Routing/Dispatcher.php(165): Dispatcher->_invoke(Object(MessagesController), Object(CakeRequest))
#2 /home/fyquah/dev/php/proj3/app/webroot/index.php(108): Dispatcher->dispatch(Object(CakeRequest), Object(CakeResponse))
#3 {main}
2014-06-13 15:10:04 Error: Fatal Error (1): Call to undefined method View::link() in [/home/fyquah/dev/php/proj3/app/View/Messages/retrieve.ctp, line 11]
2014-06-13 15:10:04 Error: [FatalErrorException] Call to undefined method View::link()
Request URL: /messages/retrieve
Stack Trace:
#0 /home/fyquah/dev/php/proj3/lib/Cake/Error/ErrorHandler.php(203): ErrorHandler::handleFatalError(1, 'Call to undefin...', '/home/fyquah/de...', 11)
#1 [internal function]: ErrorHandler::handleError(1, 'Call to undefin...', '/home/fyquah/de...', 11, Array)
#2 /home/fyquah/dev/php/proj3/lib/Cake/Core/App.php(929): call_user_func('ErrorHandler::h...', 1, 'Call to undefin...', '/home/fyquah/de...', 11, Array)
#3 /home/fyquah/dev/php/proj3/lib/Cake/Core/App.php(902): App::_checkFatalError()
#4 [internal function]: App::shutdown()
#5 {main}
2014-06-13 15:10:40 Error: Fatal Error (1): Call to undefined method View::link() in [/home/fyquah/dev/php/proj3/app/View/Messages/retrieve.ctp, line 11]
2014-06-13 15:10:40 Error: [FatalErrorException] Call to undefined method View::link()
Request URL: /messages/retrieve
Stack Trace:
#0 /home/fyquah/dev/php/proj3/lib/Cake/Error/ErrorHandler.php(203): ErrorHandler::handleFatalError(1, 'Call to undefin...', '/home/fyquah/de...', 11)
#1 [internal function]: ErrorHandler::handleError(1, 'Call to undefin...', '/home/fyquah/de...', 11, Array)
#2 /home/fyquah/dev/php/proj3/lib/Cake/Core/App.php(929): call_user_func('ErrorHandler::h...', 1, 'Call to undefin...', '/home/fyquah/de...', 11, Array)
#3 /home/fyquah/dev/php/proj3/lib/Cake/Core/App.php(902): App::_checkFatalError()
#4 [internal function]: App::shutdown()
#5 {main}
